[04:53:27] [ServerMain/INFO]: [bootstrap] Running Java 21 (OpenJDK 64-Bit Server VM 21.0.8+9-Ubuntu-0ubuntu124.04.1; Ubuntu null) on Linux 6.8.0-1030-azure (amd64)
[04:53:27] [ServerMain/INFO]: [bootstrap] Loading Paper 1.21.8-6-main@782ce95 (2025-07-18T20:26:58Z) for Minecraft 1.21.8
[04:53:27] [ServerMain/INFO]: [PluginInitializerManager] Initializing plugins...
[04:53:27] [ServerMain/INFO]: [PluginInitializerManager] Initialized 4 plugins
[04:53:27] [ServerMain/INFO]: [PluginInitializerManager] Bukkit plugins (4):
 - LoginSecurity (3.2.0), SetHome (6.2.3), SimpleTpa (7.9), SkinsRestorer (15.8.0)
[04:53:32] [ServerMain/INFO]: Environment: Environment[sessionHost=https://sessionserver.mojang.com, servicesHost=https://api.minecraftservices.com, name=PROD]
[04:53:33] [ServerMain/INFO]: Loaded 1407 recipes
[04:53:34] [ServerMain/INFO]: Loaded 1520 advancements
[04:53:34] [ServerMain/INFO]: [ca.spottedleaf.dataconverter.minecraft.datatypes.MCTypeRegistry] Initialising converters for DataConverter...
[04:53:34] [ServerMain/INFO]: [ca.spottedleaf.dataconverter.minecraft.datatypes.MCTypeRegistry] Finished initialising converters for DataConverter in 370.5ms
[04:53:34] [Server thread/INFO]: Starting minecraft server version 1.21.8
[04:53:34] [Server thread/INFO]: Loading properties
[04:53:34] [Server thread/INFO]: This server is running Paper version 1.21.8-6-main@782ce95 (2025-07-18T20:26:58Z) (Implementing API version 1.21.8-R0.1-SNAPSHOT)
[04:53:34] [Server thread/INFO]: [spark] This server bundles the spark profiler. For more information please visit https://docs.papermc.io/paper/profiling
[04:53:34] [Server thread/INFO]: Server Ping Player Sample Count: 12
[04:53:34] [Server thread/INFO]: Using 4 threads for Netty based IO
[04:53:35] [Server thread/INFO]: [MoonriseCommon] Paper is using 1 worker threads, 1 I/O threads
[04:53:35] [Server thread/INFO]: [ChunkTaskScheduler] Chunk system is using population gen parallelism: true
[04:53:35] [Server thread/INFO]: Default game type: SURVIVAL
[04:53:35] [Server thread/INFO]: Generating keypair
[04:53:35] [Server thread/INFO]: Starting Minecraft server on *:25565
[04:53:35] [Server thread/INFO]: Using epoll channel type
[04:53:35] [Server thread/INFO]: Paper: Using libdeflate (Linux x86_64) compression from Velocity.
[04:53:35] [Server thread/INFO]: Paper: Using OpenSSL 3.x.x (Linux x86_64) cipher from Velocity.
[04:53:35] [Server thread/INFO]: [LoginSecurity] Loading server plugin LoginSecurity v3.2.0
[04:53:35] [Server thread/INFO]: [SimpleTpa] Loading server plugin SimpleTpa v7.9
[04:53:35] [Server thread/INFO]: [SetHome] Loading server plugin SetHome v6.2.3
[04:53:35] [Server thread/INFO]: [SkinsRestorer] Loading server plugin SkinsRestorer v15.8.0
[04:53:35] [Server thread/INFO]: Server permissions file permissions.yml is empty, ignoring it
[04:53:35] [Server thread/INFO]: [SkinsRestorer] Enabling SkinsRestorer v15.8.0
[04:53:36] [Server thread/INFO]: [SkinsRestorer] Running on Minecraft 1.21.8.
[04:53:37] [Server thread/INFO]: [SkinsRestorer] Using paper join listener!
[04:53:37] [Server thread/WARN]: **** SERVER IS RUNNING IN OFFLINE/INSECURE MODE!
[04:53:37] [Server thread/WARN]: The server will make no attempt to authenticate usernames. Beware.
[04:53:37] [Server thread/WARN]: While this makes the game possible to play without internet access, it also opens up the ability for hackers to connect with any username they choose.
[04:53:37] [Server thread/WARN]: To change this, set "online-mode" to "true" in the server.properties file.
[04:53:37] [Server thread/INFO]: Preparing level "world"
[04:53:37] [Folia Async Scheduler Thread #1/INFO]: [SkinsRestorer] ----------------------------------------------
[04:53:37] [Folia Async Scheduler Thread #1/INFO]: [SkinsRestorer]     +==================+
[04:53:37] [Folia Async Scheduler Thread #1/INFO]: [SkinsRestorer]     |   SkinsRestorer  |
[04:53:37] [Folia Async Scheduler Thread #1/INFO]: [SkinsRestorer]     |------------------|
[04:53:37] [Folia Async Scheduler Thread #1/INFO]: [SkinsRestorer]     |  Standalone Mode |
[04:53:37] [Folia Async Scheduler Thread #1/INFO]: [SkinsRestorer]     +==================+
[04:53:37] [Folia Async Scheduler Thread #1/INFO]: [SkinsRestorer] ----------------------------------------------
[04:53:37] [Folia Async Scheduler Thread #1/INFO]: [SkinsRestorer]     Version: 15.8.0
[04:53:37] [Folia Async Scheduler Thread #1/INFO]: [SkinsRestorer]     Commit: 752814e
[04:53:37] [Folia Async Scheduler Thread #1/INFO]: [SkinsRestorer]     This is the latest version!
[04:53:37] [Folia Async Scheduler Thread #1/INFO]: [SkinsRestorer] ----------------------------------------------
[04:53:37] [Folia Async Scheduler Thread #1/INFO]: [SkinsRestorer] Do you have issues? Read our troubleshooting guide: https://skinsrestorer.net/docs/troubleshooting
[04:53:37] [Folia Async Scheduler Thread #1/INFO]: [SkinsRestorer] Want to support SkinsRestorer? Consider donating: https://skinsrestorer.net/donate
[04:53:37] [Server thread/INFO]: Preparing start region for dimension minecraft:overworld
[04:53:38] [Server thread/INFO]: Preparing spawn area: 0%
[04:53:38] [Server thread/INFO]: Preparing spawn area: 42%
[04:53:38] [Server thread/INFO]: Time elapsed: 954 ms
[04:53:38] [Server thread/INFO]: Preparing start region for dimension minecraft:the_nether
[04:53:38] [Server thread/INFO]: Preparing spawn area: 0%
[04:53:39] [Server thread/INFO]: Time elapsed: 231 ms
[04:53:39] [Server thread/INFO]: Preparing start region for dimension minecraft:the_end
[04:53:39] [Server thread/INFO]: Preparing spawn area: 0%
[04:53:39] [Server thread/INFO]: Time elapsed: 133 ms
[04:53:39] [Server thread/INFO]: [LoginSecurity] Enabling LoginSecurity v3.2.0
[04:53:39] [Server thread/INFO]: [LoginSecurity] Loading base translations from "en_us"
[04:53:39] [Server thread/INFO]: [LoginSecurity] Loading specified translations from "en_us"
[04:53:39] [Server thread/INFO]: [LoginSecurity] Registering commands...
[04:53:39] [Server thread/INFO]: [LoginSecurity] Registering listeners...
[04:53:39] [Server thread/INFO]: [LoginSecurity] Using 1.12+ map captcha renderer
[04:53:39] [Server thread/INFO]: [SimpleTpa] Enabling SimpleTpa v7.9
[04:53:39] [Server thread/INFO]: [SimpleTpa] If you need support contact me at https://discord.gg/SZUkza9
[04:53:39] [Server thread/INFO]: [SimpleTpa] Simple Tpa has been enabled on version 7.9
[04:53:39] [Server thread/INFO]: Enabled metrics. You may opt-out by changing plugins/bStats/config.yml
[04:53:39] [Server thread/INFO]: [SetHome] Enabling SetHome v6.2.3
[04:53:39] [Server thread/INFO]: [spark] Starting background profiler...
[04:53:39] [Server thread/INFO]: Done preparing level "world" (2.565s)
[04:53:39] [Server thread/INFO]: Running delayed init tasks
[04:53:39] [Server thread/INFO]: Done (13.775s)! For help, type "help"
[04:53:44] [User Authenticator #0/INFO]: UUID of player 55maxx is cab8da63-482d-30c6-ba59-213c7c5c9da7
[04:53:45] [Server thread/INFO]: [HorriblePlayerLoginEventHack] You have plugins listening to the PlayerLoginEvent, this will cause re-configuration APIs to be unavailable: [SkinsRestorer, LoginSecurity]
[04:53:46] [Server thread/INFO]: 55maxx joined the game
[04:53:46] [Server thread/INFO]: 55maxx[/127.169.100.254:46533] logged in with entity id 47 at ([world]1465.1859953242595, 94.0, -97.52191236760956)
[04:53:46] [Server thread/WARN]: [ca.spottedleaf.moonrise.patches.chunk_system.level.entity.EntityLookup] Entity uuid already exists: a478b34f-e68d-45f3-bc7d-51a982b608dc, mapped to Zombie['Zombie'/101, uuid='a478b34f-e68d-45f3-bc7d-51a982b608dc', l='ServerLevel[world]', x=1431.51, y=7.00, z=-111.79, cpos=[89, -7], tl=0, v=true], can't add Zombie['Zombie'/121, uuid='a478b34f-e68d-45f3-bc7d-51a982b608dc', l='ServerLevel[world]', x=1431.51, y=7.00, z=-112.28, cpos=[89, -8], tl=0, v=false]
[04:53:46] [Server thread/WARN]: [ca.spottedleaf.moonrise.patches.chunk_system.level.entity.EntityLookup] Entity uuid already exists: 7135acef-fb7b-479a-8323-9a9c8acc2ea5, mapped to Sheep['Sheep'/108, uuid='7135acef-fb7b-479a-8323-9a9c8acc2ea5', l='ServerLevel[world]', x=1487.62, y=91.00, z=-73.48, cpos=[92, -5], tl=0, v=true], can't add Sheep['Sheep'/142, uuid='7135acef-fb7b-479a-8323-9a9c8acc2ea5', l='ServerLevel[world]', x=1488.21, y=91.00, z=-73.49, cpos=[93, -5], tl=0, v=false]
[04:53:52] [Server thread/WARN]: [ca.spottedleaf.moonrise.patches.chunk_system.level.entity.EntityLookup] Entity uuid already exists: 79c20c38-b5d3-410b-a4f6-e844c7c94b82, mapped to Turtle['Turtle'/324, uuid='79c20c38-b5d3-410b-a4f6-e844c7c94b82', l='ServerLevel[world]', x=1579.75, y=62.29, z=-240.07, cpos=[98, -16], tl=0, v=true], can't add Turtle['Turtle'/341, uuid='79c20c38-b5d3-410b-a4f6-e844c7c94b82', l='ServerLevel[world]', x=1583.77, y=62.00, z=-260.09, cpos=[98, -17], tl=0, v=false]
[04:53:52] [User Authenticator #0/INFO]: UUID of player NACHITOPRO898 is 273d9d3c-3849-308c-b669-87cf4830d306
[04:53:53] [Server thread/WARN]: [ca.spottedleaf.moonrise.patches.chunk_system.level.entity.EntityLookup] Entity uuid already exists: 04a02809-c4ec-4228-9526-ee791ba2ca6b, mapped to Turtle['Turtle'/348, uuid='04a02809-c4ec-4228-9526-ee791ba2ca6b', l='ServerLevel[world]', x=1627.02, y=63.00, z=-223.01, cpos=[101, -14], tl=0, v=true], can't add Turtle['Turtle'/373, uuid='04a02809-c4ec-4228-9526-ee791ba2ca6b', l='ServerLevel[world]', x=1630.99, y=63.00, z=-225.91, cpos=[101, -15], tl=0, v=false]
[04:53:53] [Server thread/WARN]: [ca.spottedleaf.moonrise.patches.chunk_system.level.entity.EntityLookup] Entity uuid already exists: cac96de5-17a1-49b7-9c8f-6a4378838c0a, mapped to Turtle['Turtle'/323, uuid='cac96de5-17a1-49b7-9c8f-6a4378838c0a', l='ServerLevel[world]', x=1575.02, y=57.92, z=-244.32, cpos=[98, -16], tl=0, v=true], can't add Turtle['Turtle'/375, uuid='cac96de5-17a1-49b7-9c8f-6a4378838c0a', l='ServerLevel[world]', x=1589.84, y=60.00, z=-262.05, cpos=[99, -17], tl=0, v=false]
[04:53:53] [Server thread/INFO]: NACHITOPRO898 joined the game
[04:53:53] [Server thread/INFO]: NACHITOPRO898[/127.48.164.89:52501] logged in with entity id 350 at ([world]1402.7438244782284, 65.0, 26.039765704324555)
[04:53:55] [Server thread/WARN]: [ca.spottedleaf.moonrise.patches.chunk_system.level.entity.EntityLookup] Entity uuid already exists: 04a02809-c4ec-4228-9526-ee791ba2ca6b, mapped to Turtle['Turtle'/348, uuid='04a02809-c4ec-4228-9526-ee791ba2ca6b', l='ServerLevel[world]', x=1627.02, y=63.00, z=-223.01, cpos=[101, -14], tl=0, v=true], can't add Turtle['Turtle'/457, uuid='04a02809-c4ec-4228-9526-ee791ba2ca6b', l='ServerLevel[world]', x=1648.05, y=62.00, z=-247.20, cpos=[103, -16], tl=0, v=false]
[04:56:54] [Server thread/INFO]: NACHITOPRO898 issued server command: /home
[04:56:59] [Server thread/INFO]: NACHITOPRO898 issued server command: /tpa 55maxx
[04:57:01] [Server thread/INFO]: 55maxx issued server command: /tpaccept
[04:59:34] [Server thread/INFO]: Villager Villager['Cleric'/368, uuid='a63361dc-e201-40ae-94b7-90f79967bd95', l='ServerLevel[world]', x=1340.48, y=63.00, z=34.50, cpos=[83, 2], tl=6778, v=true] died, message: 'Cleric was slain by Zombie'
[04:59:38] [Server thread/INFO]: 55maxx issued server command: /save-all
[04:59:38] [Server thread/INFO]: [55maxx: Saved the game]
[04:59:57] [Server thread/INFO]: 55maxx issued server command: /tps
